# Logfile created on Mon Jun 14 21:43:30 -0500 2010  [4;36;1mSQL (0.2ms)[0m   [0;1mSET NAMES 'utf8'[0m
  [4;35;1mSQL (0.1ms)[0m   [0mSET SQL_AUTO_IS_NULL=0[0m
  [4;36;1mSQL (0.1ms)[0m   [0;1mBEGIN[0m
  [4;35;1mSQL (0.2ms)[0m   [0mROLLBACK[0m
  [4;36;1mSQL (0.1ms)[0m   [0;1mBEGIN[0m
  [4;35;1mSQL (0.3ms)[0m   [0mROLLBACK[0m
  [4;36;1mSQL (0.2ms)[0m   [0;1mSET NAMES 'utf8'[0m
  [4;35;1mSQL (0.1ms)[0m   [0mSET SQL_AUTO_IS_NULL=0[0m
  [4;36;1mSQL (0.1ms)[0m   [0;1mBEGIN[0m
  [4;35;1mSQL (0.2ms)[0m   [0mROLLBACK[0m
  [4;36;1mSQL (0.1ms)[0m   [0;1mBEGIN[0m
  [4;35;1mSQL (0.2ms)[0m   [0mROLLBACK[0m
  [4;36;1mSQL (0.2ms)[0m   [0;1mSET NAMES 'utf8'[0m
  [4;35;1mSQL (0.2ms)[0m   [0mSET SQL_AUTO_IS_NULL=0[0m
  [4;36;1mSQL (0.1ms)[0m   [0;1mBEGIN[0m
  [4;35;1mSQL (0.2ms)[0m   [0mROLLBACK[0m
  [4;36;1mSQL (0.1ms)[0m   [0;1mBEGIN[0m
  [4;35;1mSQL (0.2ms)[0m   [0mROLLBACK[0m
  [4;36;1mSQL (0.2ms)[0m   [0;1mSET NAMES 'utf8'[0m
  [4;35;1mSQL (0.1ms)[0m   [0mSET SQL_AUTO_IS_NULL=0[0m
  [4;36;1mSQL (0.1ms)[0m   [0;1mBEGIN[0m
  [4;35;1mSQL (0.2ms)[0m   [0mROLLBACK[0m
  [4;36;1mSQL (0.1ms)[0m   [0;1mBEGIN[0m
  [4;35;1mSQL (0.3ms)[0m   [0mROLLBACK[0m
  [4;36;1mSQL (0.2ms)[0m   [0;1mSET NAMES 'utf8'[0m
  [4;35;1mSQL (0.2ms)[0m   [0mSET SQL_AUTO_IS_NULL=0[0m
  [4;36;1mSQL (0.1ms)[0m   [0;1mBEGIN[0m
  [4;35;1mSQL (0.2ms)[0m   [0mROLLBACK[0m
  [4;36;1mSQL (0.1ms)[0m   [0;1mBEGIN[0m
  [4;35;1mSQL (0.4ms)[0m   [0mROLLBACK[0m
  [4;36;1mSQL (0.2ms)[0m   [0;1mSET NAMES 'utf8'[0m
  [4;35;1mSQL (0.1ms)[0m   [0mSET SQL_AUTO_IS_NULL=0[0m
  [4;36;1mSQL (0.1ms)[0m   [0;1mBEGIN[0m


Processing DashboardController#index (for 127.0.0.1 at 2010-06-18 12:42:15) [GET]
  Parameters: {"only"=>:index, "action"=>"index", "controller"=>"dashboard"}


Processing SessionsController#new (for 127.0.0.1 at 2010-06-18 12:42:15) [GET]
  Parameters: {"unauthenticated"=>"true", "action"=>"new", "controller"=>"sessions"}
  [4;35;1mUser Columns (2.0ms)[0m   [0mSHOW FIELDS FROM `users`[0m
Rendering template within layouts/application
Rendering sessions/new
Rendered shared/_devise_links (6.2ms)
Completed in 227ms (View: 209, DB: 2) | 200 OK [http://www.example.com/users/sign_in?unauthenticated=true]
  [4;36;1mSQL (0.2ms)[0m   [0;1mROLLBACK[0m
  [4;35;1mSQL (0.1ms)[0m   [0mBEGIN[0m
  [4;36;1mSQL (0.2ms)[0m   [0;1mROLLBACK[0m
  [4;36;1mSQL (0.2ms)[0m   [0;1mSET NAMES 'utf8'[0m
  [4;35;1mSQL (0.1ms)[0m   [0mSET SQL_AUTO_IS_NULL=0[0m
  [4;36;1mSQL (0.1ms)[0m   [0;1mBEGIN[0m


Processing DashboardController#index (for 127.0.0.1 at 2010-06-18 12:43:01) [GET]
  Parameters: {"only"=>:index, "action"=>"index", "controller"=>"dashboard"}


Processing SessionsController#new (for 127.0.0.1 at 2010-06-18 12:43:01) [GET]
  Parameters: {"unauthenticated"=>"true", "action"=>"new", "controller"=>"sessions"}
  [4;35;1mUser Columns (1.7ms)[0m   [0mSHOW FIELDS FROM `users`[0m
Rendering template within layouts/application
Rendering sessions/new
Rendered shared/_devise_links (6.1ms)
Completed in 192ms (View: 175, DB: 2) | 200 OK [http://www.example.com/users/sign_in?unauthenticated=true]
  [4;36;1mSQL (0.2ms)[0m   [0;1mROLLBACK[0m
  [4;35;1mSQL (0.1ms)[0m   [0mBEGIN[0m


Processing SessionsController#destroy (for 127.0.0.1 at 2010-06-18 12:43:02) [GET]
  Parameters: {"action"=>"destroy", "controller"=>"sessions"}
Redirected to http://www.example.com/
Completed in 2ms (DB: 0) | 302 Found [http://www.example.com/users/sign_out]


Processing DashboardController#index (for 127.0.0.1 at 2010-06-18 12:43:02) [GET]
  Parameters: {"only"=>:index, "action"=>"index", "controller"=>"dashboard"}


Processing SessionsController#new (for 127.0.0.1 at 2010-06-18 12:43:02) [GET]
  Parameters: {"unauthenticated"=>"true", "action"=>"new", "controller"=>"sessions"}
Rendering template within layouts/application
Rendering sessions/new
Rendered shared/_devise_links (2.0ms)
Completed in 17ms (View: 14, DB: 0) | 200 OK [http://www.example.com/users/sign_in?unauthenticated=true]


Processing RegistrationsController#new (for 127.0.0.1 at 2010-06-18 12:43:02) [GET]
  Parameters: {"action"=>"new", "controller"=>"registrations"}
Rendering template within layouts/application
Rendering registrations/new
Rendered shared/_devise_links (1.6ms)
Completed in 32ms (View: 21, DB: 0) | 200 OK [http://www.example.com/users/sign_up]


Processing RegistrationsController#create (for 127.0.0.1 at 2010-06-18 12:43:02) [POST]
  Parameters: {"commit"=>"Sign up", "action"=>"create", "controller"=>"registrations", "user"=>{"password_confirmation"=>"[FILTERED]", "password"=>"[FILTERED]", "email"=>"<email>"}}
  [4;36;1mSQL (0.2ms)[0m   [0;1mSAVEPOINT active_record_1[0m
  [4;35;1mUser Load (24.5ms)[0m   [0mSELECT `users`.id FROM `users` WHERE (`users`.`email` = BINARY '<email>') LIMIT 1[0m
  [4;36;1mSQL (0.2ms)[0m   [0;1mROLLBACK TO SAVEPOINT active_record_1[0m
Rendering template within layouts/application
Rendering registrations/new
Rendered shared/_devise_links (1.6ms)
Completed in 65ms (View: 24, DB: 25) | 200 OK [http://www.example.com/users]
  [4;35;1mSQL (0.2ms)[0m   [0mROLLBACK[0m
  [4;36;1mSQL (0.2ms)[0m   [0;1mSET NAMES 'utf8'[0m
  [4;35;1mSQL (0.1ms)[0m   [0mSET SQL_AUTO_IS_NULL=0[0m
  [4;36;1mSQL (0.1ms)[0m   [0;1mBEGIN[0m


Processing DashboardController#index (for 127.0.0.1 at 2010-06-18 12:46:07) [GET]
  Parameters: {"only"=>:index, "action"=>"index", "controller"=>"dashboard"}


Processing SessionsController#new (for 127.0.0.1 at 2010-06-18 12:46:07) [GET]
  Parameters: {"unauthenticated"=>"true", "action"=>"new", "controller"=>"sessions"}
  [4;35;1mUser Columns (1.9ms)[0m   [0mSHOW FIELDS FROM `users`[0m
Rendering template within layouts/application
Rendering sessions/new
Rendered shared/_devise_links (6.2ms)
Completed in 192ms (View: 174, DB: 2) | 200 OK [http://www.example.com/users/sign_in?unauthenticated=true]
  [4;36;1mSQL (0.2ms)[0m   [0;1mROLLBACK[0m
  [4;35;1mSQL (0.1ms)[0m   [0mBEGIN[0m


Processing SessionsController#destroy (for 127.0.0.1 at 2010-06-18 12:46:07) [GET]
  Parameters: {"action"=>"destroy", "controller"=>"sessions"}
Redirected to http://www.example.com/
Completed in 2ms (DB: 0) | 302 Found [http://www.example.com/users/sign_out]


Processing DashboardController#index (for 127.0.0.1 at 2010-06-18 12:46:07) [GET]
  Parameters: {"only"=>:index, "action"=>"index", "controller"=>"dashboard"}


Processing SessionsController#new (for 127.0.0.1 at 2010-06-18 12:46:07) [GET]
  Parameters: {"unauthenticated"=>"true", "action"=>"new", "controller"=>"sessions"}
Rendering template within layouts/application
Rendering sessions/new
Rendered shared/_devise_links (1.9ms)
Completed in 17ms (View: 13, DB: 0) | 200 OK [http://www.example.com/users/sign_in?unauthenticated=true]


Processing RegistrationsController#new (for 127.0.0.1 at 2010-06-18 12:46:07) [GET]
  Parameters: {"action"=>"new", "controller"=>"registrations"}
Rendering template within layouts/application
Rendering registrations/new
Rendered shared/_devise_links (1.6ms)
Completed in 32ms (View: 21, DB: 0) | 200 OK [http://www.example.com/users/sign_up]


Processing RegistrationsController#create (for 127.0.0.1 at 2010-06-18 12:46:08) [POST]
  Parameters: {"commit"=>"Sign up", "action"=>"create", "controller"=>"registrations", "user"=>{"password_confirmation"=>"[FILTERED]", "password"=>"[FILTERED]", "email"=>"<email>"}}
  [4;36;1mSQL (0.2ms)[0m   [0;1mSAVEPOINT active_record_1[0m
  [4;35;1mUser Load (0.3ms)[0m   [0mSELECT `users`.id FROM `users` WHERE (`users`.`email` = BINARY '<email>') LIMIT 1[0m
  [4;36;1mSQL (0.2ms)[0m   [0;1mROLLBACK TO SAVEPOINT active_record_1[0m
Rendering template within layouts/application
Rendering registrations/new
Rendered shared/_devise_links (1.6ms)
Completed in 39ms (View: 24, DB: 1) | 200 OK [http://www.example.com/users]
  [4;35;1mSQL (0.2ms)[0m   [0mROLLBACK[0m
  [4;36;1mSQL (0.3ms)[0m   [0;1mSET NAMES 'utf8'[0m
  [4;35;1mSQL (0.1ms)[0m   [0mSET SQL_AUTO_IS_NULL=0[0m
  [4;36;1mSQL (0.1ms)[0m   [0;1mBEGIN[0m


Processing DashboardController#index (for 127.0.0.1 at 2010-06-18 12:47:10) [GET]
  Parameters: {"only"=>:index, "action"=>"index", "controller"=>"dashboard"}


Processing SessionsController#new (for 127.0.0.1 at 2010-06-18 12:47:10) [GET]
  Parameters: {"unauthenticated"=>"true", "action"=>"new", "controller"=>"sessions"}
  [4;35;1mUser Columns (1.8ms)[0m   [0mSHOW FIELDS FROM `users`[0m
Rendering template within layouts/application
Rendering sessions/new
Rendered shared/_devise_links (6.1ms)
Completed in 191ms (View: 173, DB: 2) | 200 OK [http://www.example.com/users/sign_in?unauthenticated=true]
  [4;36;1mSQL (0.4ms)[0m   [0;1mROLLBACK[0m
  [4;35;1mSQL (0.1ms)[0m   [0mBEGIN[0m


Processing SessionsController#destroy (for 127.0.0.1 at 2010-06-18 12:47:10) [GET]
  Parameters: {"action"=>"destroy", "controller"=>"sessions"}
Redirected to http://www.example.com/
Completed in 2ms (DB: 0) | 302 Found [http://www.example.com/users/sign_out]


Processing DashboardController#index (for 127.0.0.1 at 2010-06-18 12:47:10) [GET]
  Parameters: {"only"=>:index, "action"=>"index", "controller"=>"dashboard"}


Processing SessionsController#new (for 127.0.0.1 at 2010-06-18 12:47:10) [GET]
  Parameters: {"unauthenticated"=>"true", "action"=>"new", "controller"=>"sessions"}
Rendering template within layouts/application
Rendering sessions/new
Rendered shared/_devise_links (2.0ms)
Completed in 17ms (View: 14, DB: 0) | 200 OK [http://www.example.com/users/sign_in?unauthenticated=true]


Processing RegistrationsController#new (for 127.0.0.1 at 2010-06-18 12:47:11) [GET]
  Parameters: {"action"=>"new", "controller"=>"registrations"}
Rendering template within layouts/application
Rendering registrations/new
Rendered shared/_devise_links (1.6ms)
Completed in 32ms (View: 21, DB: 0) | 200 OK [http://www.example.com/users/sign_up]


Processing RegistrationsController#create (for 127.0.0.1 at 2010-06-18 12:47:11) [POST]
  Parameters: {"commit"=>"Sign up", "action"=>"create", "controller"=>"registrations", "user"=>{"password_confirmation"=>"[FILTERED]", "password"=>"[FILTERED]", "email"=>"<email>"}}
  [4;36;1mSQL (0.2ms)[0m   [0;1mSAVEPOINT active_record_1[0m
  [4;35;1mUser Load (0.3ms)[0m   [0mSELECT `users`.id FROM `users` WHERE (`users`.`email` = BINARY '<email>') LIMIT 1[0m
  [4;36;1mSQL (0.2ms)[0m   [0;1mROLLBACK TO SAVEPOINT active_record_1[0m
Rendering template within layouts/application
Rendering registrations/new
Rendered shared/_devise_links (1.6ms)
Completed in 39ms (View: 24, DB: 1) | 200 OK [http://www.example.com/users]
  [4;35;1mSQL (0.2ms)[0m   [0mROLLBACK[0m
  [4;36;1mSQL (0.2ms)[0m   [0;1mSET NAMES 'utf8'[0m
  [4;35;1mSQL (0.1ms)[0m   [0mSET SQL_AUTO_IS_NULL=0[0m
  [4;36;1mSQL (0.1ms)[0m   [0;1mBEGIN[0m


Processing DashboardController#index (for 127.0.0.1 at 2010-06-18 12:47:57) [GET]
  Parameters: {"only"=>:index, "action"=>"index", "controller"=>"dashboard"}


Processing SessionsController#new (for 127.0.0.1 at 2010-06-18 12:47:57) [GET]
  Parameters: {"unauthenticated"=>"true", "action"=>"new", "controller"=>"sessions"}
  [4;35;1mUser Columns (1.8ms)[0m   [0mSHOW FIELDS FROM `users`[0m
Rendering template within layouts/application
Rendering sessions/new
Rendered shared/_devise_links (6.1ms)
Completed in 193ms (View: 175, DB: 2) | 200 OK [http://www.example.com/users/sign_in?unauthenticated=true]
  [4;36;1mSQL (0.2ms)[0m   [0;1mROLLBACK[0m
  [4;35;1mSQL (0.1ms)[0m   [0mBEGIN[0m


Processing SessionsController#destroy (for 127.0.0.1 at 2010-06-18 12:47:57) [GET]
  Parameters: {"action"=>"destroy", "controller"=>"sessions"}
Redirected to http://www.example.com/
Completed in 2ms (DB: 0) | 302 Found [http://www.example.com/users/sign_out]


Processing DashboardController#index (for 127.0.0.1 at 2010-06-18 12:47:57) [GET]
  Parameters: {"only"=>:index, "action"=>"index", "controller"=>"dashboard"}


Processing SessionsController#new (for 127.0.0.1 at 2010-06-18 12:47:58) [GET]
  Parameters: {"unauthenticated"=>"true", "action"=>"new", "controller"=>"sessions"}
Rendering template within layouts/application
Rendering sessions/new
Rendered shared/_devise_links (1.9ms)
Completed in 17ms (View: 13, DB: 0) | 200 OK [http://www.example.com/users/sign_in?unauthenticated=true]


Processing RegistrationsController#new (for 127.0.0.1 at 2010-06-18 12:47:58) [GET]
  Parameters: {"action"=>"new", "controller"=>"registrations"}
Rendering template within layouts/application
Rendering registrations/new
Rendered shared/_devise_links (1.6ms)
Completed in 33ms (View: 21, DB: 0) | 200 OK [http://www.example.com/users/sign_up]


Processing RegistrationsController#create (for 127.0.0.1 at 2010-06-18 12:47:58) [POST]
  Parameters: {"commit"=>"Sign up", "action"=>"create", "controller"=>"registrations", "user"=>{"password_confirmation"=>"[FILTERED]", "password"=>"[FILTERED]", "email"=>"<email>"}}
  [4;36;1mSQL (0.2ms)[0m   [0;1mSAVEPOINT active_record_1[0m
  [4;35;1mUser Load (0.3ms)[0m   [0mSELECT `users`.id FROM `users` WHERE (`users`.`email` = BINARY '<email>') LIMIT 1[0m
  [4;36;1mSQL (0.2ms)[0m   [0;1mROLLBACK TO SAVEPOINT active_record_1[0m
Rendering template within layouts/application
Rendering registrations/new
Rendered shared/_devise_links (1.6ms)
Completed in 40ms (View: 25, DB: 1) | 200 OK [http://www.example.com/users]
  [4;35;1mSQL (0.2ms)[0m   [0mROLLBACK[0m
  [4;36;1mSQL (0.2ms)[0m   [0;1mSET NAMES 'utf8'[0m
  [4;35;1mSQL (0.1ms)[0m   [0mSET SQL_AUTO_IS_NULL=0[0m
  [4;36;1mSQL (0.1ms)[0m   [0;1mBEGIN[0m


Processing DashboardController#index (for 127.0.0.1 at 2010-06-18 12:49:24) [GET]
  Parameters: {"only"=>:index, "action"=>"index", "controller"=>"dashboard"}


Processing SessionsController#new (for 127.0.0.1 at 2010-06-18 12:49:24) [GET]
  Parameters: {"unauthenticated"=>"true", "action"=>"new", "controller"=>"sessions"}
  [4;35;1mUser Columns (1.8ms)[0m   [0mSHOW FIELDS FROM `users`[0m
Rendering template within layouts/application
Rendering sessions/new
Rendered shared/_devise_links (6.1ms)
Completed in 191ms (View: 174, DB: 2) | 200 OK [http://www.example.com/users/sign_in?unauthenticated=true]
  [4;36;1mSQL (0.2ms)[0m   [0;1mROLLBACK[0m
  [4;35;1mSQL (0.1ms)[0m   [0mBEGIN[0m


Processing SessionsController#destroy (for 127.0.0.1 at 2010-06-18 12:49:24) [GET]
  Parameters: {"action"=>"destroy", "controller"=>"sessions"}
Redirected to http://www.example.com/
Completed in 3ms (DB: 0) | 302 Found [http://www.example.com/users/sign_out]


Processing DashboardController#index (for 127.0.0.1 at 2010-06-18 12:49:24) [GET]
  Parameters: {"only"=>:index, "action"=>"index", "controller"=>"dashboard"}


Processing SessionsController#new (for 127.0.0.1 at 2010-06-18 12:49:24) [GET]
  Parameters: {"unauthenticated"=>"true", "action"=>"new", "controller"=>"sessions"}
Rendering template within layouts/application
Rendering sessions/new
Rendered shared/_devise_links (1.9ms)
Completed in 17ms (View: 13, DB: 0) | 200 OK [http://www.example.com/users/sign_in?unauthenticated=true]


Processing RegistrationsController#new (for 127.0.0.1 at 2010-06-18 12:49:24) [GET]
  Parameters: {"action"=>"new", "controller"=>"registrations"}
Rendering template within layouts/application
Rendering registrations/new
Rendered shared/_devise_links (1.6ms)
Completed in 32ms (View: 21, DB: 0) | 200 OK [http://www.example.com/users/sign_up]


Processing RegistrationsController#create (for 127.0.0.1 at 2010-06-18 12:49:24) [POST]
  Parameters: {"commit"=>"Sign up", "action"=>"create", "controller"=>"registrations", "user"=>{"password_confirmation"=>"[FILTERED]", "password"=>"[FILTERED]", "email"=>"<email>"}}
  [4;36;1mSQL (0.2ms)[0m   [0;1mSAVEPOINT active_record_1[0m
  [4;35;1mUser Load (0.3ms)[0m   [0mSELECT `users`.id FROM `users` WHERE (`users`.`email` = BINARY '<email>') LIMIT 1[0m
  [4;36;1mSQL (0.2ms)[0m   [0;1mROLLBACK TO SAVEPOINT active_record_1[0m
Rendering template within layouts/application
Rendering registrations/new
Rendered shared/_devise_links (1.6ms)
Completed in 43ms (View: 28, DB: 1) | 200 OK [http://www.example.com/users]
  [4;35;1mSQL (0.2ms)[0m   [0mROLLBACK[0m
  [4;36;1mSQL (0.2ms)[0m   [0;1mSET NAMES 'utf8'[0m
  [4;35;1mSQL (0.1ms)[0m   [0mSET SQL_AUTO_IS_NULL=0[0m
  [4;36;1mSQL (0.1ms)[0m   [0;1mBEGIN[0m


Processing DashboardController#index (for 127.0.0.1 at 2010-06-18 12:49:51) [GET]
  Parameters: {"only"=>:index, "action"=>"index", "controller"=>"dashboard"}


Processing SessionsController#new (for 127.0.0.1 at 2010-06-18 12:49:51) [GET]
  Parameters: {"unauthenticated"=>"true", "action"=>"new", "controller"=>"sessions"}
  [4;35;1mUser Columns (1.7ms)[0m   [0mSHOW FIELDS FROM `users`[0m
Rendering template within layouts/application
Rendering sessions/new
Rendered shared/_devise_links (6.1ms)
Completed in 190ms (View: 173, DB: 2) | 200 OK [http://www.example.com/users/sign_in?unauthenticated=true]
  [4;36;1mSQL (0.2ms)[0m   [0;1mROLLBACK[0m
  [4;35;1mSQL (0.1ms)[0m   [0mBEGIN[0m


Processing SessionsController#destroy (for 127.0.0.1 at 2010-06-18 12:49:52) [GET]
  Parameters: {"action"=>"destroy", "controller"=>"sessions"}
Redirected to http://www.example.com/
Completed in 2ms (DB: 0) | 302 Found [http://www.example.com/users/sign_out]


Processing DashboardController#index (for 127.0.0.1 at 2010-06-18 12:49:52) [GET]
  Parameters: {"only"=>:index, "action"=>"index", "controller"=>"dashboard"}


Processing SessionsController#new (for 127.0.0.1 at 2010-06-18 12:49:52) [GET]
  Parameters: {"unauthenticated"=>"true", "action"=>"new", "controller"=>"sessions"}
Rendering template within layouts/application
Rendering sessions/new
Rendered shared/_devise_links (1.9ms)
Completed in 17ms (View: 13, DB: 0) | 200 OK [http://www.example.com/users/sign_in?unauthenticated=true]


Processing RegistrationsController#new (for 127.0.0.1 at 2010-06-18 12:49:52) [GET]
  Parameters: {"action"=>"new", "controller"=>"registrations"}
Rendering template within layouts/application
Rendering registrations/new
Rendered shared/_devise_links (1.6ms)
Completed in 32ms (View: 21, DB: 0) | 200 OK [http://www.example.com/users/sign_up]


Processing RegistrationsController#create (for 127.0.0.1 at 2010-06-18 12:49:52) [POST]
  Parameters: {"commit"=>"Sign up", "action"=>"create", "controller"=>"registrations", "user"=>{"password_confirmation"=>"[FILTERED]", "password"=>"[FILTERED]", "email"=>"<email>"}}
  [4;36;1mSQL (0.2ms)[0m   [0;1mSAVEPOINT active_record_1[0m
  [4;35;1mUser Load (0.3ms)[0m   [0mSELECT `users`.id FROM `users` WHERE (`users`.`email` = BINARY '<email>') LIMIT 1[0m
  [4;36;1mSQL (0.2ms)[0m   [0;1mROLLBACK TO SAVEPOINT active_record_1[0m
Rendering template within layouts/application
Rendering registrations/new
Rendered shared/_devise_links (1.6ms)
Completed in 39ms (View: 25, DB: 1) | 200 OK [http://www.example.com/users]
  [4;35;1mSQL (0.2ms)[0m   [0mROLLBACK[0m
  [4;36;1mSQL (0.3ms)[0m   [0;1mSET NAMES 'utf8'[0m
  [4;35;1mSQL (0.1ms)[0m   [0mSET SQL_AUTO_IS_NULL=0[0m
  [4;36;1mSQL (0.1ms)[0m   [0;1mBEGIN[0m


Processing DashboardController#index (for 127.0.0.1 at 2010-06-18 12:51:25) [GET]
  Parameters: {"only"=>:index, "action"=>"index", "controller"=>"dashboard"}


Processing SessionsController#new (for 127.0.0.1 at 2010-06-18 12:51:25) [GET]
  Parameters: {"unauthenticated"=>"true", "action"=>"new", "controller"=>"sessions"}
  [4;35;1mUser Columns (1.9ms)[0m   [0mSHOW FIELDS FROM `users`[0m
Rendering template within layouts/application
Rendering sessions/new
Rendered shared/_devise_links (6.1ms)
Completed in 191ms (View: 173, DB: 2) | 200 OK [http://www.example.com/users/sign_in?unauthenticated=true]
  [4;36;1mSQL (0.2ms)[0m   [0;1mROLLBACK[0m
  [4;35;1mSQL (0.1ms)[0m   [0mBEGIN[0m


Processing SessionsController#destroy (for 127.0.0.1 at 2010-06-18 12:51:25) [GET]
  Parameters: {"action"=>"destroy", "controller"=>"sessions"}
Redirected to http://www.example.com/
Completed in 2ms (DB: 0) | 302 Found [http://www.example.com/users/sign_out]


Processing DashboardController#index (for 127.0.0.1 at 2010-06-18 12:51:25) [GET]
  Parameters: {"only"=>:index, "action"=>"index", "controller"=>"dashboard"}


Processing SessionsController#new (for 127.0.0.1 at 2010-06-18 12:51:26) [GET]
  Parameters: {"unauthenticated"=>"true", "action"=>"new", "controller"=>"sessions"}
Rendering template within layouts/application
Rendering sessions/new
Rendered shared/_devise_links (1.9ms)
Completed in 17ms (View: 13, DB: 0) | 200 OK [http://www.example.com/users/sign_in?unauthenticated=true]


Processing RegistrationsController#new (for 127.0.0.1 at 2010-06-18 12:51:26) [GET]
  Parameters: {"action"=>"new", "controller"=>"registrations"}
Rendering template within layouts/application
Rendering registrations/new
Rendered shared/_devise_links (1.6ms)
Completed in 32ms (View: 21, DB: 0) | 200 OK [http://www.example.com/users/sign_up]


Processing RegistrationsController#create (for 127.0.0.1 at 2010-06-18 12:51:26) [POST]
  Parameters: {"commit"=>"Sign up", "action"=>"create", "controller"=>"registrations", "user"=>{"password_confirmation"=>"[FILTERED]", "password"=>"[FILTERED]", "email"=>"<email>"}}
  [4;36;1mSQL (0.2ms)[0m   [0;1mSAVEPOINT active_record_1[0m
  [4;35;1mUser Load (0.3ms)[0m   [0mSELECT `users`.id FROM `users` WHERE (`users`.`email` = BINARY '<email>') LIMIT 1[0m
  [4;36;1mSQL (0.2ms)[0m   [0;1mROLLBACK TO SAVEPOINT active_record_1[0m
Rendering template within layouts/application
Rendering registrations/new
Rendered shared/_devise_links (1.6ms)
Completed in 39ms (View: 25, DB: 1) | 200 OK [http://www.example.com/users]
  [4;35;1mSQL (0.2ms)[0m   [0mROLLBACK[0m
  [4;36;1mSQL (0.2ms)[0m   [0;1mSET NAMES 'utf8'[0m
  [4;35;1mSQL (0.1ms)[0m   [0mSET SQL_AUTO_IS_NULL=0[0m
  [4;36;1mSQL (0.1ms)[0m   [0;1mBEGIN[0m


Processing DashboardController#index (for 127.0.0.1 at 2010-06-18 12:52:05) [GET]
  Parameters: {"only"=>:index, "action"=>"index", "controller"=>"dashboard"}


Processing SessionsController#new (for 127.0.0.1 at 2010-06-18 12:52:05) [GET]
  Parameters: {"unauthenticated"=>"true", "action"=>"new", "controller"=>"sessions"}
  [4;35;1mUser Columns (1.9ms)[0m   [0mSHOW FIELDS FROM `users`[0m
Rendering template within layouts/application
Rendering sessions/new
Rendered shared/_devise_links (6.0ms)
Completed in 192ms (View: 174, DB: 2) | 200 OK [http://www.example.com/users/sign_in?unauthenticated=true]
  [4;36;1mSQL (0.2ms)[0m   [0;1mROLLBACK[0m
  [4;35;1mSQL (0.1ms)[0m   [0mBEGIN[0m


Processing SessionsController#destroy (for 127.0.0.1 at 2010-06-18 12:52:06) [GET]
  Parameters: {"action"=>"destroy", "controller"=>"sessions"}
Redirected to http://www.example.com/
Completed in 2ms (DB: 0) | 302 Found [http://www.example.com/users/sign_out]


Processing DashboardController#index (for 127.0.0.1 at 2010-06-18 12:52:06) [GET]
  Parameters: {"only"=>:index, "action"=>"index", "controller"=>"dashboard"}


Processing SessionsController#new (for 127.0.0.1 at 2010-06-18 12:52:06) [GET]
  Parameters: {"unauthenticated"=>"true", "action"=>"new", "controller"=>"sessions"}
Rendering template within layouts/application
Rendering sessions/new
Rendered shared/_devise_links (1.9ms)
Completed in 17ms (View: 13, DB: 0) | 200 OK [http://www.example.com/users/sign_in?unauthenticated=true]


Processing RegistrationsController#new (for 127.0.0.1 at 2010-06-18 12:52:06) [GET]
  Parameters: {"action"=>"new", "controller"=>"registrations"}
Rendering template within layouts/application
Rendering registrations/new
Rendered shared/_devise_links (1.6ms)
Completed in 32ms (View: 21, DB: 0) | 200 OK [http://www.example.com/users/sign_up]


Processing RegistrationsController#create (for 127.0.0.1 at 2010-06-18 12:52:06) [POST]
  Parameters: {"commit"=>"Sign up", "action"=>"create", "controller"=>"registrations", "user"=>{"password_confirmation"=>"[FILTERED]", "password"=>"[FILTERED]", "email"=>"<email>"}}
  [4;36;1mSQL (0.2ms)[0m   [0;1mSAVEPOINT active_record_1[0m
  [4;35;1mUser Load (0.3ms)[0m   [0mSELECT `users`.id FROM `users` WHERE (`users`.`email` = BINARY '<email>') LIMIT 1[0m
  [4;36;1mSQL (0.1ms)[0m   [0;1mROLLBACK TO SAVEPOINT active_record_1[0m
Rendering template within layouts/application
Rendering registrations/new
Rendered shared/_devise_links (1.6ms)
Completed in 39ms (View: 25, DB: 1) | 200 OK [http://www.example.com/users]
  [4;35;1mSQL (0.2ms)[0m   [0mROLLBACK[0m
  [4;36;1mSQL (0.2ms)[0m   [0;1mSET NAMES 'utf8'[0m
  [4;35;1mSQL (0.1ms)[0m   [0mSET SQL_AUTO_IS_NULL=0[0m
  [4;36;1mSQL (0.1ms)[0m   [0;1mBEGIN[0m


Processing DashboardController#index (for 127.0.0.1 at 2010-06-18 13:59:42) [GET]
  Parameters: {"only"=>:index, "action"=>"index", "controller"=>"dashboard"}


Processing SessionsController#new (for 127.0.0.1 at 2010-06-18 13:59:42) [GET]
  Parameters: {"unauthenticated"=>"true", "action"=>"new", "controller"=>"sessions"}
  [4;35;1mUser Columns (1.9ms)[0m   [0mSHOW FIELDS FROM `users`[0m
Rendering template within layouts/application
Rendering sessions/new
Rendered shared/_devise_links (6.0ms)
Completed in 66ms (View: 49, DB: 2) | 200 OK [http://www.example.com/users/sign_in?unauthenticated=true]
  [4;36;1mSQL (0.2ms)[0m   [0;1mROLLBACK[0m
  [4;35;1mSQL (0.1ms)[0m   [0mBEGIN[0m


Processing SessionsController#destroy (for 127.0.0.1 at 2010-06-18 13:59:43) [GET]
  Parameters: {"action"=>"destroy", "controller"=>"sessions"}
Redirected to http://www.example.com/
Completed in 3ms (DB: 0) | 302 Found [http://www.example.com/users/sign_out]


Processing DashboardController#index (for 127.0.0.1 at 2010-06-18 13:59:43) [GET]
  Parameters: {"only"=>:index, "action"=>"index", "controller"=>"dashboard"}


Processing SessionsController#new (for 127.0.0.1 at 2010-06-18 13:59:43) [GET]
  Parameters: {"unauthenticated"=>"true", "action"=>"new", "controller"=>"sessions"}
Rendering template within layouts/application
Rendering sessions/new
Rendered shared/_devise_links (2.0ms)
Completed in 17ms (View: 13, DB: 0) | 200 OK [http://www.example.com/users/sign_in?unauthenticated=true]


Processing RegistrationsController#new (for 127.0.0.1 at 2010-06-18 13:59:43) [GET]
  Parameters: {"action"=>"new", "controller"=>"registrations"}
Rendering template within layouts/application
Rendering registrations/new
Rendered shared/_devise_links (1.6ms)
Completed in 32ms (View: 20, DB: 0) | 200 OK [http://www.example.com/users/sign_up]


Processing RegistrationsController#create (for 127.0.0.1 at 2010-06-18 13:59:43) [POST]
  Parameters: {"commit"=>"Sign up", "action"=>"create", "controller"=>"registrations", "user"=>{"password_confirmation"=>"[FILTERED]", "password"=>"[FILTERED]", "email"=>"<email>"}}
  [4;36;1mSQL (0.2ms)[0m   [0;1mSAVEPOINT active_record_1[0m
  [4;35;1mUser Load (0.3ms)[0m   [0mSELECT `users`.id FROM `users` WHERE (`users`.`email` = BINARY '<email>') LIMIT 1[0m
  [4;36;1mSQL (0.2ms)[0m   [0;1mROLLBACK TO SAVEPOINT active_record_1[0m
Rendering template within layouts/application
Rendering registrations/new
Rendered shared/_devise_links (1.6ms)
Completed in 38ms (View: 24, DB: 1) | 200 OK [http://www.example.com/users]
  [4;35;1mSQL (0.2ms)[0m   [0mROLLBACK[0m
  [4;36;1mSQL (0.3ms)[0m   [0;1mSET NAMES 'utf8'[0m
  [4;35;1mSQL (0.1ms)[0m   [0mSET SQL_AUTO_IS_NULL=0[0m
  [4;36;1mSQL (0.1ms)[0m   [0;1mBEGIN[0m


Processing DashboardController#index (for 127.0.0.1 at 2010-06-18 16:34:53) [GET]
  Parameters: {"only"=>:index, "action"=>"index", "controller"=>"dashboard"}


Processing SessionsController#new (for 127.0.0.1 at 2010-06-18 16:34:53) [GET]
  Parameters: {"unauthenticated"=>"true", "action"=>"new", "controller"=>"sessions"}
  [4;35;1mUser Columns (2.0ms)[0m   [0mSHOW FIELDS FROM `users`[0m
Rendering template within layouts/application
Rendering sessions/new
Rendered shared/_devise_links (6.1ms)
Completed in 66ms (View: 49, DB: 2) | 200 OK [http://www.example.com/users/sign_in?unauthenticated=true]
  [4;36;1mSQL (0.2ms)[0m   [0;1mROLLBACK[0m
  [4;35;1mSQL (0.2ms)[0m   [0mBEGIN[0m


Processing SessionsController#destroy (for 127.0.0.1 at 2010-06-18 16:34:53) [GET]
  Parameters: {"action"=>"destroy", "controller"=>"sessions"}
Redirected to http://www.example.com/
Completed in 2ms (DB: 0) | 302 Found [http://www.example.com/users/sign_out]


Processing DashboardController#index (for 127.0.0.1 at 2010-06-18 16:34:54) [GET]
  Parameters: {"only"=>:index, "action"=>"index", "controller"=>"dashboard"}


Processing SessionsController#new (for 127.0.0.1 at 2010-06-18 16:34:54) [GET]
  Parameters: {"unauthenticated"=>"true", "action"=>"new", "controller"=>"sessions"}
Rendering template within layouts/application
Rendering sessions/new
Rendered shared/_devise_links (2.0ms)
Completed in 17ms (View: 14, DB: 0) | 200 OK [http://www.example.com/users/sign_in?unauthenticated=true]


Processing RegistrationsController#new (for 127.0.0.1 at 2010-06-18 16:34:54) [GET]
  Parameters: {"action"=>"new", "controller"=>"registrations"}
Rendering template within layouts/application
Rendering registrations/new
Rendered shared/_devise_links (1.7ms)
Completed in 32ms (View: 21, DB: 0) | 200 OK [http://www.example.com/users/sign_up]


Processing RegistrationsController#create (for 127.0.0.1 at 2010-06-18 16:34:54) [POST]
  Parameters: {"commit"=>"Sign up", "action"=>"create", "controller"=>"registrations", "user"=>{"password_confirmation"=>"[FILTERED]", "password"=>"[FILTERED]", "email"=>"<email>"}}
  [4;36;1mSQL (0.2ms)[0m   [0;1mSAVEPOINT active_record_1[0m
  [4;35;1mUser Load (0.3ms)[0m   [0mSELECT `users`.id FROM `users` WHERE (`users`.`email` = BINARY '<email>') LIMIT 1[0m
  [4;36;1mSQL (0.2ms)[0m   [0;1mROLLBACK TO SAVEPOINT active_record_1[0m
Rendering template within layouts/application
Rendering registrations/new
Rendered shared/_devise_links (1.7ms)
Completed in 42ms (View: 27, DB: 1) | 200 OK [http://www.example.com/users]
  [4;35;1mSQL (0.2ms)[0m   [0mROLLBACK[0m
  [4;36;1mSQL (0.2ms)[0m   [0;1mSET NAMES 'utf8'[0m
  [4;35;1mSQL (0.1ms)[0m   [0mSET SQL_AUTO_IS_NULL=0[0m
  [4;36;1mSQL (0.1ms)[0m   [0;1mBEGIN[0m


Processing DashboardController#index (for 127.0.0.1 at 2010-06-18 16:35:14) [GET]
  Parameters: {"only"=>:index, "action"=>"index", "controller"=>"dashboard"}


Processing SessionsController#new (for 127.0.0.1 at 2010-06-18 16:35:14) [GET]
  Parameters: {"unauthenticated"=>"true", "action"=>"new", "controller"=>"sessions"}
  [4;35;1mUser Columns (1.9ms)[0m   [0mSHOW FIELDS FROM `users`[0m
Rendering template within layouts/application
Rendering sessions/new
Rendered shared/_devise_links (6.1ms)
Completed in 67ms (View: 50, DB: 2) | 200 OK [http://www.example.com/users/sign_in?unauthenticated=true]
  [4;36;1mSQL (0.2ms)[0m   [0;1mROLLBACK[0m
  [4;35;1mSQL (0.1ms)[0m   [0mBEGIN[0m


Processing SessionsController#destroy (for 127.0.0.1 at 2010-06-18 16:35:15) [GET]
  Parameters: {"action"=>"destroy", "controller"=>"sessions"}
Redirected to http://www.example.com/
Completed in 2ms (DB: 0) | 302 Found [http://www.example.com/users/sign_out]


Processing DashboardController#index (for 127.0.0.1 at 2010-06-18 16:35:15) [GET]
  Parameters: {"only"=>:index, "action"=>"index", "controller"=>"dashboard"}


Processing SessionsController#new (for 127.0.0.1 at 2010-06-18 16:35:15) [GET]
  Parameters: {"unauthenticated"=>"true", "action"=>"new", "controller"=>"sessions"}
Rendering template within layouts/application
Rendering sessions/new
Rendered shared/_devise_links (2.0ms)
Completed in 17ms (View: 14, DB: 0) | 200 OK [http://www.example.com/users/sign_in?unauthenticated=true]


Processing RegistrationsController#new (for 127.0.0.1 at 2010-06-18 16:35:15) [GET]
  Parameters: {"action"=>"new", "controller"=>"registrations"}
Rendering template within layouts/application
Rendering registrations/new
Rendered shared/_devise_links (1.6ms)
Completed in 32ms (View: 21, DB: 0) | 200 OK [http://www.example.com/users/sign_up]


Processing RegistrationsController#create (for 127.0.0.1 at 2010-06-18 16:35:15) [POST]
  Parameters: {"commit"=>"Sign up", "action"=>"create", "controller"=>"registrations", "user"=>{"password_confirmation"=>"[FILTERED]", "password"=>"[FILTERED]", "email"=>"<email>"}}
  [4;36;1mSQL (0.2ms)[0m   [0;1mSAVEPOINT active_record_1[0m
  [4;35;1mUser Load (0.3ms)[0m   [0mSELECT `users`.id FROM `users` WHERE (`users`.`email` = BINARY '<email>') LIMIT 1[0m
  [4;36;1mSQL (0.1ms)[0m   [0;1mROLLBACK TO SAVEPOINT active_record_1[0m
Rendering template within layouts/application
Rendering registrations/new
Rendered shared/_devise_links (1.6ms)
Completed in 45ms (View: 25, DB: 1) | 200 OK [http://www.example.com/users]
  [4;35;1mSQL (0.2ms)[0m   [0mROLLBACK[0m
  [4;36;1mSQL (0.2ms)[0m   [0;1mSET NAMES 'utf8'[0m
  [4;35;1mSQL (0.1ms)[0m   [0mSET SQL_AUTO_IS_NULL=0[0m
  [4;36;1mSQL (0.1ms)[0m   [0;1mBEGIN[0m


Processing DashboardController#index (for 127.0.0.1 at 2010-06-18 16:37:10) [GET]
  Parameters: {"only"=>:index, "action"=>"index", "controller"=>"dashboard"}


Processing SessionsController#new (for 127.0.0.1 at 2010-06-18 16:37:10) [GET]
  Parameters: {"unauthenticated"=>"true", "action"=>"new", "controller"=>"sessions"}
  [4;35;1mUser Columns (1.8ms)[0m   [0mSHOW FIELDS FROM `users`[0m
Rendering template within layouts/application
Rendering sessions/new
Rendered shared/_devise_links (6.1ms)
Completed in 66ms (View: 48, DB: 2) | 200 OK [http://www.example.com/users/sign_in?unauthenticated=true]
  [4;36;1mSQL (0.2ms)[0m   [0;1mROLLBACK[0m
  [4;35;1mSQL (0.1ms)[0m   [0mBEGIN[0m


Processing SessionsController#destroy (for 127.0.0.1 at 2010-06-18 16:37:10) [GET]
  Parameters: {"action"=>"destroy", "controller"=>"sessions"}
Redirected to http://www.example.com/
Completed in 2ms (DB: 0) | 302 Found [http://www.example.com/users/sign_out]


Processing DashboardController#index (for 127.0.0.1 at 2010-06-18 16:37:10) [GET]
  Parameters: {"only"=>:index, "action"=>"index", "controller"=>"dashboard"}


Processing SessionsController#new (for 127.0.0.1 at 2010-06-18 16:37:10) [GET]
  Parameters: {"unauthenticated"=>"true", "action"=>"new", "controller"=>"sessions"}
Rendering template within layouts/application
Rendering sessions/new
Rendered shared/_devise_links (2.0ms)
Completed in 18ms (View: 15, DB: 0) | 200 OK [http://www.example.com/users/sign_in?unauthenticated=true]


Processing RegistrationsController#new (for 127.0.0.1 at 2010-06-18 16:37:10) [GET]
  Parameters: {"action"=>"new", "controller"=>"registrations"}
Rendering template within layouts/application
Rendering registrations/new
Rendered shared/_devise_links (1.6ms)
Completed in 32ms (View: 21, DB: 0) | 200 OK [http://www.example.com/users/sign_up]


Processing RegistrationsController#create (for 127.0.0.1 at 2010-06-18 16:37:10) [POST]
  Parameters: {"commit"=>"Sign up", "action"=>"create", "controller"=>"registrations", "user"=>{"password_confirmation"=>"[FILTERED]", "password"=>"[FILTERED]", "email"=>"<email>"}}
  [4;36;1mSQL (0.2ms)[0m   [0;1mSAVEPOINT active_record_1[0m
  [4;35;1mUser Load (0.3ms)[0m   [0mSELECT `users`.id FROM `users` WHERE (`users`.`email` = BINARY '<email>') LIMIT 1[0m
  [4;36;1mSQL (0.2ms)[0m   [0;1mROLLBACK TO SAVEPOINT active_record_1[0m
Rendering template within layouts/application
Rendering registrations/new
Rendered shared/_devise_links (1.6ms)
Completed in 41ms (View: 26, DB: 1) | 200 OK [http://www.example.com/users]
  [4;35;1mSQL (0.2ms)[0m   [0mROLLBACK[0m
  [4;36;1mSQL (0.2ms)[0m   [0;1mSET NAMES 'utf8'[0m
  [4;35;1mSQL (0.1ms)[0m   [0mSET SQL_AUTO_IS_NULL=0[0m
  [4;36;1mSQL (0.1ms)[0m   [0;1mBEGIN[0m


Processing DashboardController#index (for 127.0.0.1 at 2010-06-18 16:38:22) [GET]
  Parameters: {"only"=>:index, "action"=>"index", "controller"=>"dashboard"}


Processing SessionsController#new (for 127.0.0.1 at 2010-06-18 16:38:22) [GET]
  Parameters: {"unauthenticated"=>"true", "action"=>"new", "controller"=>"sessions"}
  [4;35;1mUser Columns (1.9ms)[0m   [0mSHOW FIELDS FROM `users`[0m
Rendering template within layouts/application
Rendering sessions/new
Rendered shared/_devise_links (6.1ms)
Completed in 66ms (View: 49, DB: 2) | 200 OK [http://www.example.com/users/sign_in?unauthenticated=true]
  [4;36;1mSQL (0.2ms)[0m   [0;1mROLLBACK[0m
  [4;35;1mSQL (0.1ms)[0m   [0mBEGIN[0m


Processing SessionsController#destroy (for 127.0.0.1 at 2010-06-18 16:38:22) [GET]
  Parameters: {"action"=>"destroy", "controller"=>"sessions"}
Redirected to http://www.example.com/
Completed in 3ms (DB: 0) | 302 Found [http://www.example.com/users/sign_out]


Processing DashboardController#index (for 127.0.0.1 at 2010-06-18 16:38:22) [GET]
  Parameters: {"only"=>:index, "action"=>"index", "controller"=>"dashboard"}


Processing SessionsController#new (for 127.0.0.1 at 2010-06-18 16:38:22) [GET]
  Parameters: {"unauthenticated"=>"true", "action"=>"new", "controller"=>"sessions"}
Rendering template within layouts/application
Rendering sessions/new
Rendered shared/_devise_links (1.9ms)
Completed in 17ms (View: 14, DB: 0) | 200 OK [http://www.example.com/users/sign_in?unauthenticated=true]


Processing RegistrationsController#new (for 127.0.0.1 at 2010-06-18 16:38:22) [GET]
  Parameters: {"action"=>"new", "controller"=>"registrations"}
Rendering template within layouts/application
Rendering registrations/new
Rendered shared/_devise_links (1.6ms)
Completed in 32ms (View: 21, DB: 0) | 200 OK [http://www.example.com/users/sign_up]


Processing RegistrationsController#create (for 127.0.0.1 at 2010-06-18 16:38:22) [POST]
  Parameters: {"commit"=>"Sign up", "action"=>"create", "controller"=>"registrations", "user"=>{"password_confirmation"=>"[FILTERED]", "password"=>"[FILTERED]", "email"=>"<email>"}}
  [4;36;1mSQL (0.2ms)[0m   [0;1mSAVEPOINT active_record_1[0m
  [4;35;1mUser Load (0.3ms)[0m   [0mSELECT `users`.id FROM `users` WHERE (`users`.`email` = BINARY '<email>') LIMIT 1[0m
  [4;36;1mSQL (0.2ms)[0m   [0;1mROLLBACK TO SAVEPOINT active_record_1[0m
Rendering template within layouts/application
Rendering registrations/new
Rendered shared/_devise_links (1.6ms)
Completed in 39ms (View: 25, DB: 1) | 200 OK [http://www.example.com/users]
  [4;35;1mSQL (0.2ms)[0m   [0mROLLBACK[0m
  [4;36;1mSQL (0.2ms)[0m   [0;1mSET NAMES 'utf8'[0m
  [4;35;1mSQL (0.1ms)[0m   [0mSET SQL_AUTO_IS_NULL=0[0m
  [4;36;1mSQL (0.1ms)[0m   [0;1mBEGIN[0m


Processing DashboardController#index (for 127.0.0.1 at 2010-06-18 16:39:26) [GET]
  Parameters: {"only"=>:index, "action"=>"index", "controller"=>"dashboard"}


Processing SessionsController#new (for 127.0.0.1 at 2010-06-18 16:39:26) [GET]
  Parameters: {"unauthenticated"=>"true", "action"=>"new", "controller"=>"sessions"}
  [4;35;1mUser Columns (1.7ms)[0m   [0mSHOW FIELDS FROM `users`[0m
Rendering template within layouts/application
Rendering sessions/new
Rendered shared/_devise_links (6.1ms)
Completed in 66ms (View: 49, DB: 2) | 200 OK [http://www.example.com/users/sign_in?unauthenticated=true]
  [4;36;1mSQL (0.2ms)[0m   [0;1mROLLBACK[0m
  [4;35;1mSQL (0.1ms)[0m   [0mBEGIN[0m


Processing SessionsController#destroy (for 127.0.0.1 at 2010-06-18 16:39:26) [GET]
  Parameters: {"action"=>"destroy", "controller"=>"sessions"}
Redirected to http://www.example.com/
Completed in 2ms (DB: 0) | 302 Found [http://www.example.com/users/sign_out]


Processing DashboardController#index (for 127.0.0.1 at 2010-06-18 16:39:26) [GET]
  Parameters: {"only"=>:index, "action"=>"index", "controller"=>"dashboard"}


Processing SessionsController#new (for 127.0.0.1 at 2010-06-18 16:39:26) [GET]
  Parameters: {"unauthenticated"=>"true", "action"=>"new", "controller"=>"sessions"}
Rendering template within layouts/application
Rendering sessions/new
Rendered shared/_devise_links (1.9ms)
Completed in 17ms (View: 14, DB: 0) | 200 OK [http://www.example.com/users/sign_in?unauthenticated=true]


Processing RegistrationsController#new (for 127.0.0.1 at 2010-06-18 16:39:26) [GET]
  Parameters: {"action"=>"new", "controller"=>"registrations"}
Rendering template within layouts/application
Rendering registrations/new
Rendered shared/_devise_links (1.7ms)
Completed in 58ms (View: 21, DB: 0) | 200 OK [http://www.example.com/users/sign_up]


Processing RegistrationsController#create (for 127.0.0.1 at 2010-06-18 16:39:27) [POST]
  Parameters: {"commit"=>"Sign up", "action"=>"create", "controller"=>"registrations", "user"=>{"password_confirmation"=>"[FILTERED]", "password"=>"[FILTERED]", "email"=>"<email>"}}
  [4;36;1mSQL (0.2ms)[0m   [0;1mSAVEPOINT active_record_1[0m
  [4;35;1mUser Load (0.3ms)[0m   [0mSELECT `users`.id FROM `users` WHERE (`users`.`email` = BINARY '<email>') LIMIT 1[0m
  [4;36;1mSQL (0.2ms)[0m   [0;1mROLLBACK TO SAVEPOINT active_record_1[0m
Rendering template within layouts/application
Rendering registrations/new
Rendered shared/_devise_links (1.6ms)
Completed in 39ms (View: 24, DB: 1) | 200 OK [http://www.example.com/users]
  [4;35;1mSQL (0.2ms)[0m   [0mROLLBACK[0m
  [4;36;1mSQL (0.3ms)[0m   [0;1mSET NAMES 'utf8'[0m
  [4;35;1mSQL (0.1ms)[0m   [0mSET SQL_AUTO_IS_NULL=0[0m
  [4;36;1mSQL (0.1ms)[0m   [0;1mBEGIN[0m


Processing DashboardController#index (for 127.0.0.1 at 2010-06-18 16:40:47) [GET]
  Parameters: {"only"=>:index, "action"=>"index", "controller"=>"dashboard"}


Processing SessionsController#new (for 127.0.0.1 at 2010-06-18 16:40:47) [GET]
  Parameters: {"unauthenticated"=>"true", "action"=>"new", "controller"=>"sessions"}
  [4;35;1mUser Columns (1.9ms)[0m   [0mSHOW FIELDS FROM `users`[0m
Rendering template within layouts/application
Rendering sessions/new
Rendered shared/_devise_links (6.1ms)
Completed in 66ms (View: 48, DB: 2) | 200 OK [http://www.example.com/users/sign_in?unauthenticated=true]
  [4;36;1mSQL (0.2ms)[0m   [0;1mROLLBACK[0m
  [4;35;1mSQL (0.1ms)[0m   [0mBEGIN[0m


Processing SessionsController#destroy (for 127.0.0.1 at 2010-06-18 16:40:47) [GET]
  Parameters: {"action"=>"destroy", "controller"=>"sessions"}
Redirected to http://www.example.com/
Completed in 2ms (DB: 0) | 302 Found [http://www.example.com/users/sign_out]


Processing DashboardController#index (for 127.0.0.1 at 2010-06-18 16:40:47) [GET]
  Parameters: {"only"=>:index, "action"=>"index", "controller"=>"dashboard"}


Processing SessionsController#new (for 127.0.0.1 at 2010-06-18 16:40:47) [GET]
  Parameters: {"unauthenticated"=>"true", "action"=>"new", "controller"=>"sessions"}
Rendering template within layouts/application
Rendering sessions/new
Rendered shared/_devise_links (1.9ms)
Completed in 17ms (View: 13, DB: 0) | 200 OK [http://www.example.com/users/sign_in?unauthenticated=true]


Processing RegistrationsController#new (for 127.0.0.1 at 2010-06-18 16:40:47) [GET]
  Parameters: {"action"=>"new", "controller"=>"registrations"}
Rendering template within layouts/application
Rendering registrations/new
Rendered shared/_devise_links (1.6ms)
Completed in 32ms (View: 21, DB: 0) | 200 OK [http://www.example.com/users/sign_up]


Processing RegistrationsController#create (for 127.0.0.1 at 2010-06-18 16:40:47) [POST]
  Parameters: {"commit"=>"Sign up", "action"=>"create", "controller"=>"registrations", "user"=>{"password_confirmation"=>"[FILTERED]", "password"=>"[FILTERED]", "email"=>"<email>"}}
  [4;36;1mSQL (0.2ms)[0m   [0;1mSAVEPOINT active_record_1[0m
  [4;35;1mUser Load (0.3ms)[0m   [0mSELECT `users`.id FROM `users` WHERE (`users`.`email` = BINARY '<email>') LIMIT 1[0m
  [4;36;1mSQL (0.2ms)[0m   [0;1mROLLBACK TO SAVEPOINT active_record_1[0m
Rendering template within layouts/application
Rendering registrations/new
Rendered shared/_devise_links (1.6ms)
Completed in 40ms (View: 24, DB: 1) | 200 OK [http://www.example.com/users]
  [4;35;1mSQL (0.2ms)[0m   [0mROLLBACK[0m
  [4;36;1mSQL (0.2ms)[0m   [0;1mSET NAMES 'utf8'[0m
  [4;35;1mSQL (0.1ms)[0m   [0mSET SQL_AUTO_IS_NULL=0[0m
  [4;36;1mSQL (0.1ms)[0m   [0;1mBEGIN[0m


Processing DashboardController#index (for 127.0.0.1 at 2010-06-18 16:41:49) [GET]
  Parameters: {"only"=>:index, "action"=>"index", "controller"=>"dashboard"}


Processing SessionsController#new (for 127.0.0.1 at 2010-06-18 16:41:49) [GET]
  Parameters: {"unauthenticated"=>"true", "action"=>"new", "controller"=>"sessions"}
  [4;35;1mUser Columns (1.8ms)[0m   [0mSHOW FIELDS FROM `users`[0m
Rendering template within layouts/application
Rendering sessions/new
Rendered shared/_devise_links (6.1ms)
Completed in 66ms (View: 49, DB: 2) | 200 OK [http://www.example.com/users/sign_in?unauthenticated=true]
  [4;36;1mSQL (0.2ms)[0m   [0;1mROLLBACK[0m
  [4;35;1mSQL (0.1ms)[0m   [0mBEGIN[0m


Processing SessionsController#destroy (for 127.0.0.1 at 2010-06-18 16:41:49) [GET]
  Parameters: {"action"=>"destroy", "controller"=>"sessions"}
Redirected to http://www.example.com/
Completed in 2ms (DB: 0) | 302 Found [http://www.example.com/users/sign_out]


Processing DashboardController#index (for 127.0.0.1 at 2010-06-18 16:41:49) [GET]
  Parameters: {"only"=>:index, "action"=>"index", "controller"=>"dashboard"}


Processing SessionsController#new (for 127.0.0.1 at 2010-06-18 16:41:49) [GET]
  Parameters: {"unauthenticated"=>"true", "action"=>"new", "controller"=>"sessions"}
Rendering template within layouts/application
Rendering sessions/new
Rendered shared/_devise_links (1.9ms)
Completed in 17ms (View: 13, DB: 0) | 200 OK [http://www.example.com/users/sign_in?unauthenticated=true]


Processing RegistrationsController#new (for 127.0.0.1 at 2010-06-18 16:41:49) [GET]
  Parameters: {"action"=>"new", "controller"=>"registrations"}
Rendering template within layouts/application
Rendering registrations/new
Rendered shared/_devise_links (1.6ms)
Completed in 32ms (View: 21, DB: 0) | 200 OK [http://www.example.com/users/sign_up]


Processing RegistrationsController#create (for 127.0.0.1 at 2010-06-18 16:41:49) [POST]
  Parameters: {"commit"=>"Sign up", "action"=>"create", "controller"=>"registrations", "user"=>{"password_confirmation"=>"[FILTERED]", "password"=>"[FILTERED]", "email"=>"<email>"}}
  [4;36;1mSQL (0.2ms)[0m   [0;1mSAVEPOINT active_record_1[0m
  [4;35;1mUser Load (0.3ms)[0m   [0mSELECT `users`.id FROM `users` WHERE (`users`.`email` = BINARY '<email>') LIMIT 1[0m
  [4;36;1mSQL (0.1ms)[0m   [0;1mROLLBACK TO SAVEPOINT active_record_1[0m
Rendering template within layouts/application
Rendering registrations/new
Rendered shared/_devise_links (1.6ms)
Completed in 39ms (View: 24, DB: 1) | 200 OK [http://www.example.com/users]
  [4;35;1mSQL (0.2ms)[0m   [0mROLLBACK[0m
  [4;36;1mSQL (0.1ms)[0m   [0;1mBEGIN[0m
WARNING: Can't mass-assign these protected attributes: login
  [4;35;1mSQL (0.3ms)[0m   [0mSAVEPOINT active_record_1[0m
  [4;36;1mUser Load (0.4ms)[0m   [0;1mSELECT `users`.id FROM `users` WHERE (`users`.`email` = BINARY 'testing@man.net') LIMIT 1[0m
  [4;35;1mUser Create (0.4ms)[0m   [0mINSERT INTO `users` (`encrypted_password`, `created_at`, `confirmation_sent_at`, `last_sign_in_ip`, `updated_at`, `last_sign_in_at`, `sign_in_count`, `password_salt`, `reset_password_token`, `remember_token`, `current_sign_in_ip`, `confirmation_token`, `remember_created_at`, `current_sign_in_at`, `email`, `confirmed_at`) VALUES('8d0d5c788b8392466a9c5c067774195359ad92b5', '2010-06-18 20:41:49', NULL, NULL, '2010-06-18 20:41:49', NULL, 0, 'CdnTKcGWpylbKUbA9U2e', NULL, NULL, NULL, NULL, NULL, NULL, 'testing@man.net', NULL)[0m
  [4;36;1mSQL (0.1ms)[0m   [0;1mRELEASE SAVEPOINT active_record_1[0m
  [4;35;1mSQL (50.1ms)[0m   [0mROLLBACK[0m
  [4;36;1mSQL (0.2ms)[0m   [0;1mSET NAMES 'utf8'[0m
  [4;35;1mSQL (0.1ms)[0m   [0mSET SQL_AUTO_IS_NULL=0[0m
  [4;36;1mSQL (0.1ms)[0m   [0;1mBEGIN[0m


Processing DashboardController#index (for 127.0.0.1 at 2010-06-18 16:43:14) [GET]
  Parameters: {"only"=>:index, "action"=>"index", "controller"=>"dashboard"}


Processing SessionsController#new (for 127.0.0.1 at 2010-06-18 16:43:14) [GET]
  Parameters: {"unauthenticated"=>"true", "action"=>"new", "controller"=>"sessions"}
  [4;35;1mUser Columns (1.9ms)[0m   [0mSHOW FIELDS FROM `users`[0m
Rendering template within layouts/application
Rendering sessions/new
Rendered shared/_devise_links (6.1ms)
Completed in 66ms (View: 48, DB: 2) | 200 OK [http://www.example.com/users/sign_in?unauthenticated=true]
  [4;36;1mSQL (0.2ms)[0m   [0;1mROLLBACK[0m
  [4;35;1mSQL (0.1ms)[0m   [0mBEGIN[0m


Processing SessionsController#destroy (for 127.0.0.1 at 2010-06-18 16:43:14) [GET]
  Parameters: {"action"=>"destroy", "controller"=>"sessions"}
Redirected to http://www.example.com/
Completed in 2ms (DB: 0) | 302 Found [http://www.example.com/users/sign_out]


Processing DashboardController#index (for 127.0.0.1 at 2010-06-18 16:43:14) [GET]
  Parameters: {"only"=>:index, "action"=>"index", "controller"=>"dashboard"}


Processing SessionsController#new (for 127.0.0.1 at 2010-06-18 16:43:14) [GET]
  Parameters: {"unauthenticated"=>"true", "action"=>"new", "controller"=>"sessions"}
Rendering template within layouts/application
Rendering sessions/new
Rendered shared/_devise_links (1.9ms)
Completed in 17ms (View: 13, DB: 0) | 200 OK [http://www.example.com/users/sign_in?unauthenticated=true]


Processing RegistrationsController#new (for 127.0.0.1 at 2010-06-18 16:43:14) [GET]
  Parameters: {"action"=>"new", "controller"=>"registrations"}
Rendering template within layouts/application
Rendering registrations/new
Rendered shared/_devise_links (1.6ms)
Completed in 32ms (View: 21, DB: 0) | 200 OK [http://www.example.com/users/sign_up]


Processing RegistrationsController#create (for 127.0.0.1 at 2010-06-18 16:43:14) [POST]
  Parameters: {"commit"=>"Sign up", "action"=>"create", "controller"=>"registrations", "user"=>{"password_confirmation"=>"[FILTERED]", "password"=>"[FILTERED]", "email"=>"<email>"}}
  [4;36;1mSQL (0.2ms)[0m   [0;1mSAVEPOINT active_record_1[0m
  [4;35;1mUser Load (0.4ms)[0m   [0mSELECT `users`.id FROM `users` WHERE (`users`.`email` = BINARY '<email>') LIMIT 1[0m
  [4;36;1mSQL (0.2ms)[0m   [0;1mROLLBACK TO SAVEPOINT active_record_1[0m
Rendering template within layouts/application
Rendering registrations/new
Rendered shared/_devise_links (1.6ms)
Completed in 39ms (View: 24, DB: 1) | 200 OK [http://www.example.com/users]
  [4;35;1mSQL (0.2ms)[0m   [0mROLLBACK[0m
  [4;36;1mSQL (0.1ms)[0m   [0;1mBEGIN[0m
WARNING: Can't mass-assign these protected attributes: login
  [4;35;1mSQL (0.6ms)[0m   [0mSAVEPOINT active_record_1[0m
  [4;36;1mUser Load (0.3ms)[0m   [0;1mSELECT `users`.id FROM `users` WHERE (`users`.`email` = BINARY 'testing@man.net') LIMIT 1[0m
  [4;35;1mUser Create (0.3ms)[0m   [0mINSERT INTO `users` (`encrypted_password`, `created_at`, `confirmation_sent_at`, `last_sign_in_ip`, `updated_at`, `last_sign_in_at`, `sign_in_count`, `password_salt`, `reset_password_token`, `remember_token`, `current_sign_in_ip`, `confirmation_token`, `remember_created_at`, `current_sign_in_at`, `email`, `confirmed_at`) VALUES('d9be724540bc926a8081022c94a74045911a79d8', '2010-06-18 20:43:15', NULL, NULL, '2010-06-18 20:43:15', NULL, 0, 'QTToYwLueW3K-mNyWtYx', NULL, NULL, NULL, NULL, NULL, NULL, 'testing@man.net', NULL)[0m
  [4;36;1mSQL (0.1ms)[0m   [0;1mRELEASE SAVEPOINT active_record_1[0m


Processing DashboardController#index (for 127.0.0.1 at 2010-06-18 16:43:15) [GET]
  Parameters: {"only"=>:index, "action"=>"index", "controller"=>"dashboard"}


Processing SessionsController#new (for 127.0.0.1 at 2010-06-18 16:43:15) [GET]
  Parameters: {"unauthenticated"=>"true", "action"=>"new", "controller"=>"sessions"}
Rendering template within layouts/application
Rendering sessions/new
Rendered shared/_devise_links (2.0ms)
Completed in 17ms (View: 14, DB: 2) | 200 OK [http://www.example.com/users/sign_in?unauthenticated=true]


Processing SessionsController#create (for 127.0.0.1 at 2010-06-18 16:43:15) [POST]
  Parameters: {"commit"=>"Sign in", "action"=>"create", "controller"=>"sessions", "user"=>{"remember_me"=>"0", "password"=>"[FILTERED]", "email"=>"testing@man.net"}}
  [4;35;1mUser Load (0.4ms)[0m   [0mSELECT * FROM `users` WHERE (`users`.`email` = 'testing@man.net') LIMIT 1[0m
  [4;36;1mSQL (0.2ms)[0m   [0;1mSAVEPOINT active_record_1[0m
  [4;35;1mUser Update (0.4ms)[0m   [0mUPDATE `users` SET `sign_in_count` = 1, `updated_at` = '2010-06-18 20:43:15', `last_sign_in_at` = '2010-06-18 20:43:15', `last_sign_in_ip` = '127.0.0.1', `current_sign_in_at` = '2010-06-18 20:43:15', `current_sign_in_ip` = '127.0.0.1' WHERE `id` = 2[0m
  [4;36;1mSQL (0.1ms)[0m   [0;1mRELEASE SAVEPOINT active_record_1[0m
Redirected to http://www.example.com/
Completed in 82ms (DB: 1) | 302 Found [http://www.example.com/users/sign_in]


Processing DashboardController#index (for 127.0.0.1 at 2010-06-18 16:43:15) [GET]
  Parameters: {"only"=>:index, "action"=>"index", "controller"=>"dashboard"}
  [4;35;1mUser Load (0.4ms)[0m   [0mSELECT * FROM `users` WHERE (`users`.`id` = 2) LIMIT 1[0m
Rendering template within layouts/dashboard
Rendering dashboard/index
  [4;36;1mleagues_users Columns (5.5ms)[0m   [0;1mSHOW FIELDS FROM `leagues_users`[0m
  [4;35;1mLeague Load (16.5ms)[0m   [0mSELECT * FROM `leagues` INNER JOIN `leagues_users` ON `leagues`.id = `leagues_users`.league_id WHERE (`leagues_users`.user_id = 2 ) [0m
Completed in 68ms (View: 34, DB: 22) | 200 OK [http://www.example.com/]
  [4;36;1mSQL (17.7ms)[0m   [0;1mROLLBACK[0m
